This is e-upTeX, Version 3.14159265-p3.7.1-u1.21-161114-2.6 (utf8.uptex) (TeX Live 2016/Debian) (preloaded format=uplatex 2017.11.8)  11 APR 2018 09:12
entering extended mode
 restricted \write18 enabled.
 %&-line parsing enabled.
**t4.tex
(./t4.tex
pLaTeX2e <2016/11/29u01> (based on LaTeX2e <2017/01/01> patch level 3)
Babel <3.9r> and hyphenation patterns for 12 language(s) loaded.
(/home/kmuto/texmf/tex/latex/jlreq/jlreq.cls
Document Class: jlreq 2017/12/22 jlreq
(/usr/share/texlive/texmf-dist/tex/latex/xkeyval/xkeyval.sty
Package: xkeyval 2014/12/03 v2.7a package option processing (HA)

(/usr/share/texlive/texmf-dist/tex/generic/xkeyval/xkeyval.tex
(/usr/share/texlive/texmf-dist/tex/generic/xkeyval/xkvutils.tex
\XKV@toks=\toks15
\XKV@tempa@toks=\toks16

(/usr/share/texlive/texmf-dist/tex/generic/xkeyval/keyval.tex))
\XKV@depth=\count82
File: xkeyval.tex 2014/12/03 v2.7a key=value parser (HA)
))
(/usr/share/texlive/texmf-dist/tex/latex/everyhook/everyhook.sty
(/usr/share/texlive/texmf-dist/tex/latex/svn-prov/svn-prov.sty
Package: svn-prov 2010/04/24 v3.1862 Package Date/Version from SVN Keywords
)
Package: everyhook 2014/11/26 v1.2 (SVN Rev: 12)\ Hooks for low level TeX every
X primitives.

(/usr/share/texlive/texmf-dist/tex/latex/etoolbox/etoolbox.sty
Package: etoolbox 2017/01/02 v2.4 e-TeX tools for LaTeX (JAW)
\etb@tempcnta=\count83
)
\everypar=\toks17
\frozen@everymath=\toks18
\frozen@everydisplay=\toks19
\everyhbox=\toks20
\everyvbox=\toks21
\everycr=\toks22
)
(/usr/share/texlive/texmf-dist/tex/latex/filehook/filehook.sty
Package: filehook 2011/10/12 v0.5d Hooks for input files
)
(/usr/share/texlive/texmf-dist/tex/latex/base/ifthen.sty
Package: ifthen 2014/09/29 v1.1c Standard LaTeX ifthen package (DPC)
)
\jlreq@tempcnta=\count84
\jlreq@tempcntb=\count85
\jlreq@tempcntc=\count86
\jlreq@tempdima=\dimen118
\jlreq@tempdimb=\dimen119
\jlreq@tempdimc=\dimen120
\jlreq@tempskipa=\skip41
\jlreq@tempskipb=\skip42
\jlreq@tempskipc=\skip43
\jlreq@tempboxa=\box41
\jlreq@tempboxb=\box42
\jlreq@tempboxc=\box43
\jlreq@resultdimen=\dimen121
\jlreq@resultskip=\skip44
\jlreq@resultbox=\box44

(/usr/share/texlive/texmf-dist/tex/latex/oberdiek/zref.sty
Package: zref 2016/05/21 v2.26 A new reference scheme for LaTeX (HO)

(/usr/share/texlive/texmf-dist/tex/latex/oberdiek/zref-base.sty
Package: zref-base 2016/05/21 v2.26 Module base for zref (HO)

(/usr/share/texlive/texmf-dist/tex/generic/oberdiek/ltxcmds.sty
Package: ltxcmds 2016/05/16 v1.23 LaTeX kernel commands for general use (HO)
)
(/usr/share/texlive/texmf-dist/tex/generic/oberdiek/infwarerr.sty
Package: infwarerr 2016/05/16 v1.4 Providing info/warning/error messages (HO)
)
(/usr/share/texlive/texmf-dist/tex/generic/oberdiek/kvsetkeys.sty
Package: kvsetkeys 2016/05/16 v1.17 Key value parser (HO)

(/usr/share/texlive/texmf-dist/tex/generic/oberdiek/etexcmds.sty
Package: etexcmds 2016/05/16 v1.6 Avoid name clashes with e-TeX commands (HO)

(/usr/share/texlive/texmf-dist/tex/generic/oberdiek/ifluatex.sty
Package: ifluatex 2016/05/16 v1.4 Provides the ifluatex switch (HO)
Package ifluatex Info: LuaTeX not detected.
)
Package etexcmds Info: Could not find \expanded.
(etexcmds)             That can mean that you are not using pdfTeX 1.50 or
(etexcmds)             that some package has redefined \expanded.
(etexcmds)             In the latter case, load this package earlier.
))
(/usr/share/texlive/texmf-dist/tex/generic/oberdiek/kvdefinekeys.sty
Package: kvdefinekeys 2016/05/16 v1.4 Define keys (HO)
)
(/usr/share/texlive/texmf-dist/tex/generic/oberdiek/pdftexcmds.sty
Package: pdftexcmds 2016/05/21 v0.22 Utility functions of pdfTeX for LuaTeX (HO
)

(/usr/share/texlive/texmf-dist/tex/generic/oberdiek/ifpdf.sty
Package: ifpdf 2016/05/14 v3.1 Provides the ifpdf switch
)
Package pdftexcmds Info: LuaTeX not detected.
Package pdftexcmds Info: pdfTeX >= 1.30 not detected.
Package pdftexcmds Info: \pdf@primitive is available.
Package pdftexcmds Info: \pdf@ifprimitive is available.
Package pdftexcmds Info: \pdfdraftmode not found.
)
(/usr/share/texlive/texmf-dist/tex/latex/oberdiek/auxhook.sty
Package: auxhook 2016/05/16 v1.4 Hooks for auxiliary files (HO)
)
Package zref Info: New property list: main on input line 759.
Package zref Info: New property: default on input line 760.
Package zref Info: New property: page on input line 761.
))
(/usr/share/texlive/texmf-dist/tex/latex/oberdiek/zref-savepos.sty
Package: zref-savepos 2016/05/21 v2.26 Module savepos for zref (HO)
Package zref Info: New property list: savepos on input line 80.
Package zref Info: New property: posx on input line 81.
Package zref Info: New property: posy on input line 82.
)
\jlreq@zref@reference@count=\count87
Package zref Info: New property: jlreq@page on input line 349.
\jlreq@currentpage=\count88
Package zref Info: New property: jlreq@firstcolumn on input line 360.
\jlreq@current@linewidth=\dimen122
\jlreq@rest@linewidth=\dimen123
\jlreq@lastnodechar=\count89
\jlreq@fontsize=\dimen124
\jlreq@jafontsize=\dimen125

(/usr/share/texmf/tex/latex/lm/lmodern.sty
Package: lmodern 2009/10/30 v1.6 Latin Modern Fonts
LaTeX Font Info:    Overwriting symbol font `operators' in version `normal'
(Font)                  OT1/cmr/m/n --> OT1/lmr/m/n on input line 22.
LaTeX Font Info:    Overwriting symbol font `letters' in version `normal'
(Font)                  OML/cmm/m/it --> OML/lmm/m/it on input line 23.
LaTeX Font Info:    Overwriting symbol font `symbols' in version `normal'
(Font)                  OMS/cmsy/m/n --> OMS/lmsy/m/n on input line 24.
LaTeX Font Info:    Overwriting symbol font `largesymbols' in version `normal'
(Font)                  OMX/cmex/m/n --> OMX/lmex/m/n on input line 25.
LaTeX Font Info:    Overwriting symbol font `operators' in version `bold'
(Font)                  OT1/cmr/bx/n --> OT1/lmr/bx/n on input line 26.
LaTeX Font Info:    Overwriting symbol font `letters' in version `bold'
(Font)                  OML/cmm/b/it --> OML/lmm/b/it on input line 27.
LaTeX Font Info:    Overwriting symbol font `symbols' in version `bold'
(Font)                  OMS/cmsy/b/n --> OMS/lmsy/b/n on input line 28.
LaTeX Font Info:    Overwriting symbol font `largesymbols' in version `bold'
(Font)                  OMX/cmex/m/n --> OMX/lmex/m/n on input line 29.
LaTeX Font Info:    Overwriting math alphabet `\mathbf' in version `normal'
(Font)                  OT1/cmr/bx/n --> OT1/lmr/bx/n on input line 31.
LaTeX Font Info:    Overwriting math alphabet `\mathsf' in version `normal'
(Font)                  OT1/cmss/m/n --> OT1/lmss/m/n on input line 32.
LaTeX Font Info:    Overwriting math alphabet `\mathit' in version `normal'
(Font)                  OT1/cmr/m/it --> OT1/lmr/m/it on input line 33.
LaTeX Font Info:    Overwriting math alphabet `\mathtt' in version `normal'
(Font)                  OT1/cmtt/m/n --> OT1/lmtt/m/n on input line 34.
LaTeX Font Info:    Overwriting math alphabet `\mathbf' in version `bold'
(Font)                  OT1/cmr/bx/n --> OT1/lmr/bx/n on input line 35.
LaTeX Font Info:    Overwriting math alphabet `\mathsf' in version `bold'
(Font)                  OT1/cmss/bx/n --> OT1/lmss/bx/n on input line 36.
LaTeX Font Info:    Overwriting math alphabet `\mathit' in version `bold'
(Font)                  OT1/cmr/bx/it --> OT1/lmr/bx/it on input line 37.
LaTeX Font Info:    Overwriting math alphabet `\mathtt' in version `bold'
(Font)                  OT1/cmtt/m/n --> OT1/lmtt/m/n on input line 38.
)
\jlreq@count@listnest=\count90
LaTeX Info: Redefining \rmfamily on input line 1330.
LaTeX Info: Redefining \sffamily on input line 1333.
LaTeX Info: Redefining \ttfamily on input line 1336.
\symmincho=\mathgroup4
LaTeX Font Info:    Overwriting symbol font `mincho' in version `bold'
(Font)                  JY2/mc/m/n --> JY2/gt/m/n on input line 1344.
LaTeX Font Info:    Font shape `JT2/mc/m/n' will be
(Font)              scaled to size 7.11317pt on input line 1409.
LaTeX Font Info:    Font shape `JY2/mc/m/n' will be
(Font)              scaled to size 7.11317pt on input line 1409.
\jlreq@baselineskip=\dimen126
\jlreq@omotekeiwidth=\dimen127
\jlreq@chuubusokeiwidth=\dimen128
\jlreq@urakeiwidth=\dimen129
\jlreq@footnoteindent=\dimen130
LaTeX Font Info:    Font shape `JT2/mc/m/n' will be
(Font)              scaled to size 5.69055pt on input line 1599.
LaTeX Font Info:    Font shape `JY2/mc/m/n' will be
(Font)              scaled to size 5.69055pt on input line 1599.
\jlreq@BlockHeading@spaces@current@count=\count91
\c@part=\count92
\c@chapter=\count93
\c@section=\count94
\c@subsection=\count95
\c@subsubsection=\count96
\c@paragraph=\count97
\c@subparagraph=\count98
\jlreq@endnote@prepostspace=\dimen131
\jlreq@endnote@indent=\dimen132
LaTeX Font Info:    Font shape `JT2/mc/m/n' will be
(Font)              scaled to size 6.40181pt on input line 4157.
LaTeX Font Info:    Font shape `JY2/mc/m/n' will be
(Font)              scaled to size 6.40181pt on input line 4157.


LaTeX Font Warning: Font shape `OT1/cmr/m/n' in size <6.40181> not available
(Font)              size <6> substituted on input line 4157.

\abovecaptionskip=\skip45
\belowcaptionskip=\skip46
\c@figure=\count99
\c@table=\count100
\toclineskip=\skip47
\@lnumwidth=\dimen133
\jlreq@top@contents=\count101
\bibindent=\dimen134
) (/usr/share/texlive/texmf-dist/tex/latex/bxpapersize/bxpapersize.sty
Package: bxpapersize 2016/03/26 v0.2

(/usr/share/texlive/texmf-dist/tex/generic/oberdiek/atbegshi.sty
Package: atbegshi 2016/06/09 v1.18 At begin shipout hook (HO)
)
(/usr/share/texlive/texmf-dist/tex/generic/ifxetex/ifxetex.sty
Package: ifxetex 2010/09/12 v0.6 Provides ifxetex conditional
)
(/usr/share/texlive/texmf-dist/tex/generic/oberdiek/ifvtex.sty
Package: ifvtex 2016/05/16 v1.6 Detect VTeX and its facilities (HO)
Package ifvtex Info: VTeX not detected.
)
\bxpr@dima=\dimen135

! Missing number, treated as zero.
<to be read again> 
                   a
l.147 }\bxpr@tmpa
                 
? 
! Illegal unit of measure (pt inserted).
<to be read again> 
                   a
l.147 }\bxpr@tmpa
                 
? 
! Missing number, treated as zero.
<to be read again> 
                   \relax 
l.147 }\bxpr@tmpa
                 
? 
! Illegal unit of measure (pt inserted).
<to be read again> 
                   \relax 
l.147 }\bxpr@tmpa
                 
? 
) (/home/kmuto/texmf/tex/latex/platex-tools/pxgentombow.sty
Package: pxgentombow 2017/12/17 v0.9 Generate crop mark 'tombow'
Package pxgentombow Info: tombow feature enabled by pxgentombow on input line 7
0.
\stockheight=\dimen136
\stockwidth=\dimen137

***** Package pxgentombow detected a5paper. *****
***** Now the output size is automatically set to b5. *****
)
No file t4.aux.
\openout1 = `t4.aux'.

LaTeX Font Info:    Checking defaults for OML/cmm/m/it on input line 5.
LaTeX Font Info:    ... okay on input line 5.
LaTeX Font Info:    Checking defaults for T1/cmr/m/n on input line 5.
LaTeX Font Info:    ... okay on input line 5.
LaTeX Font Info:    Checking defaults for OT1/cmr/m/n on input line 5.
LaTeX Font Info:    ... okay on input line 5.
LaTeX Font Info:    Checking defaults for OMS/cmsy/m/n on input line 5.
LaTeX Font Info:    ... okay on input line 5.
LaTeX Font Info:    Checking defaults for OMX/cmex/m/n on input line 5.
LaTeX Font Info:    ... okay on input line 5.
LaTeX Font Info:    Checking defaults for U/cmr/m/n on input line 5.
LaTeX Font Info:    ... okay on input line 5.
LaTeX Font Info:    Checking defaults for JY2/mc/m/n on input line 5.
LaTeX Font Info:    ... okay on input line 5.
LaTeX Font Info:    Checking defaults for JT2/mc/m/n on input line 5.
LaTeX Font Info:    ... okay on input line 5.
(I search kanjifont definition file: . . ) (I search font definition file: . .
. . . . . )
LaTeX Font Info:    Try loading font information for OT1+lmr on input line 5.
 (/usr/share/texmf/tex/latex/lm/ot1lmr.fd
File: ot1lmr.fd 2009/10/30 v1.6 Font defs for Latin Modern
)
\AtBeginShipoutBox=\box45
LaTeX Font Info:    Font shape `JT2/gt/m/n' will be
(Font)              scaled to size 7.11317pt on input line 6.
LaTeX Font Info:    Font shape `JY2/gt/m/n' will be
(Font)              scaled to size 7.11317pt on input line 6.
LaTeX Font Info:    Try loading font information for OT1+lmtt on input line 6.

(/usr/share/texmf/tex/latex/lm/ot1lmtt.fd
File: ot1lmtt.fd 2009/10/30 v1.6 Font defs for Latin Modern
) [1

] (./t4.aux)

LaTeX Font Warning: Size substitutions with differences
(Font)              up to 0.40181pt have occurred.

 ) 
Here is how much of TeX's memory you used:
 2915 strings out of 494816
 51900 string characters out of 6179121
 121372 words of memory out of 5000000
 6356 multiletter control sequences out of 15000+600000
 16871 words of font info for 43 fonts, out of 8000000 for 9000
 264 hyphenation exceptions out of 8191
 53i,4n,49p,1137b,220s stack positions out of 5000i,500n,10000p,200000b,80000s

Output written on t4.dvi (1 page, 924 bytes).
